Started GET "/" for 127.0.0.1 at 2018-06-12 00:09:48 -0500
Processing by Rails::WelcomeController#index as HTML
  Rendering /Users/mm-hector-268/.rbenv/versions/2.5.1/lib/ruby/gems/2.5.0/gems/railties-5.2.0/lib/rails/templates/rails/welcome/index.html.erb
  Rendered /Users/mm-hector-268/.rbenv/versions/2.5.1/lib/ruby/gems/2.5.0/gems/railties-5.2.0/lib/rails/templates/rails/welcome/index.html.erb (7.9ms)
Completed 200 OK in 40ms (Views: 23.5ms | ActiveRecord: 0.0ms)


Started GET "/" for 127.0.0.1 at 2018-06-12 04:09:35 -0500
Processing by HomeController#index as HTML
  Rendering home/index.html.haml within layouts/application
  Rendered home/index.html.haml within layouts/application (3.1ms)
  Rendered partials/_header.html.haml (4.2ms)
Completed 200 OK in 4600ms (Views: 4591.8ms | ActiveRecord: 0.0ms)


Started GET "/" for 127.0.0.1 at 2018-06-12 04:10:27 -0500
Processing by HomeController#index as HTML
  Rendering home/index.html.haml within layouts/application
  Rendered home/index.html.haml within layouts/application (1.2ms)
Completed 500 Internal Server Error in 54ms (ActiveRecord: 0.0ms)



ActionView::Template::Error (Undefined mixin 'media-breakpoint-up'.):
     5:     %title Abuelometro
     6:     = csrf_meta_tags
     7:     = csp_meta_tag
     8:     = stylesheet_link_tag    'application', media: 'all', 'data-turbolinks-track': 'reload'
     9:     = javascript_include_tag 'application', 'data-turbolinks-track': 'reload'
    10:   %body
    11:     = render 'partials/header'

app/assets/stylesheets/layout/_header.scss:14:in `media-breakpoint-up'
app/assets/stylesheets/layout/_header.scss:14
app/assets/stylesheets/layout:1
app/assets/stylesheets/application.scss:16
app/views/layouts/application.html.haml:8:in `_app_views_layouts_application_html_haml___3520544451958633044_69909585619100'
Started GET "/" for 127.0.0.1 at 2018-06-12 04:10:36 -0500
Processing by HomeController#index as HTML
  Rendering home/index.html.haml within layouts/application
  Rendered home/index.html.haml within layouts/application (1.1ms)
Completed 500 Internal Server Error in 34ms (ActiveRecord: 0.0ms)



ActionView::Template::Error (Undefined mixin 'media-breakpoint-up'.):
     5:     %title Abuelometro
     6:     = csrf_meta_tags
     7:     = csp_meta_tag
     8:     = stylesheet_link_tag    'application', media: 'all', 'data-turbolinks-track': 'reload'
     9:     = javascript_include_tag 'application', 'data-turbolinks-track': 'reload'
    10:   %body
    11:     = render 'partials/header'

app/assets/stylesheets/layout/_header.scss:14:in `media-breakpoint-up'
app/assets/stylesheets/layout/_header.scss:14
app/assets/stylesheets/layout:1
app/assets/stylesheets/application.scss:16
app/views/layouts/application.html.haml:8:in `_app_views_layouts_application_html_haml___3520544451958633044_69909658293900'
Started GET "/" for 127.0.0.1 at 2018-06-12 04:11:03 -0500
Processing by HomeController#index as HTML
  Rendering home/index.html.haml within layouts/application
  Rendered home/index.html.haml within layouts/application (1.2ms)
  Rendered partials/_header.html.haml (4.6ms)
Completed 200 OK in 2310ms (Views: 2309.4ms | ActiveRecord: 0.0ms)


Started GET "/" for 127.0.0.1 at 2018-06-12 04:12:16 -0500
Processing by HomeController#index as HTML
  Rendering home/index.html.haml within layouts/application
  Rendered home/index.html.haml within layouts/application (1.7ms)
  Rendered partials/_header.html.haml (6.3ms)
Completed 200 OK in 2468ms (Views: 2466.6ms | ActiveRecord: 0.0ms)


Started GET "/" for 127.0.0.1 at 2018-06-12 04:12:31 -0500
Processing by HomeController#index as HTML
  Rendering home/index.html.haml within layouts/application
  Rendered home/index.html.haml within layouts/application (1.8ms)
  Rendered partials/_header.html.haml (4.8ms)
Completed 200 OK in 2438ms (Views: 2437.2ms | ActiveRecord: 0.0ms)


Started GET "/" for 127.0.0.1 at 2018-06-12 04:22:39 -0500
Processing by HomeController#index as HTML
  Rendering home/index.html.haml within layouts/application
  Rendered home/index.html.haml within layouts/application (1.0ms)
  Rendered partials/_header.html.haml (4.2ms)
Completed 200 OK in 32ms (Views: 31.2ms | ActiveRecord: 0.0ms)


Started GET "/" for 127.0.0.1 at 2018-06-12 04:23:46 -0500
Processing by HomeController#index as HTML
  Rendering home/index.html.haml within layouts/application
  Rendered home/index.html.haml within layouts/application (1.0ms)
  Rendered partials/_header.html.haml (4.2ms)
Completed 200 OK in 30ms (Views: 29.2ms | ActiveRecord: 0.0ms)


Started GET "/" for 127.0.0.1 at 2018-06-12 04:26:18 -0500
Processing by HomeController#index as HTML
  Rendering home/index.html.haml within layouts/application
  Rendered home/index.html.haml within layouts/application (1.8ms)
  Rendered partials/_header.html.haml (7.8ms)
Completed 200 OK in 2556ms (Views: 2555.0ms | ActiveRecord: 0.0ms)


Started GET "/" for 127.0.0.1 at 2018-06-12 04:26:30 -0500
Processing by HomeController#index as HTML
  Rendering home/index.html.haml within layouts/application
  Rendered home/index.html.haml within layouts/application (4.2ms)
  Rendered partials/_header.html.haml (5.5ms)
Completed 200 OK in 89ms (Views: 85.9ms | ActiveRecord: 0.0ms)


Started GET "/" for 127.0.0.1 at 2018-06-12 04:27:57 -0500
Processing by HomeController#index as HTML
  Rendering home/index.html.haml within layouts/application
  Rendered home/index.html.haml within layouts/application (1.1ms)
  Rendered partials/_header.html.haml (3.9ms)
Completed 200 OK in 2286ms (Views: 2284.6ms | ActiveRecord: 0.0ms)


Started GET "/" for 127.0.0.1 at 2018-06-12 04:33:39 -0500
Processing by HomeController#index as HTML
  Rendering home/index.html.haml within layouts/application
  Rendered home/index.html.haml within layouts/application (1.2ms)
  Rendered partials/_header.html.haml (4.4ms)
Completed 200 OK in 42ms (Views: 41.0ms | ActiveRecord: 0.0ms)


Started GET "/" for 127.0.0.1 at 2018-06-12 04:33:53 -0500
Processing by HomeController#index as HTML
  Rendering home/index.html.haml within layouts/application
  Rendered home/index.html.haml within layouts/application (1.3ms)
  Rendered partials/_header.html.haml (3.8ms)
Completed 200 OK in 41ms (Views: 38.5ms | ActiveRecord: 0.0ms)


Started GET "/" for 127.0.0.1 at 2018-06-12 04:58:18 -0500
Processing by HomeController#index as HTML
  Rendering home/index.html.haml within layouts/application
  Rendered partials/_hero.html.haml (1.2ms)
  Rendered home/index.html.haml within layouts/application (2.9ms)
  Rendered partials/_header.html.haml (5.2ms)
Completed 200 OK in 58ms (Views: 57.6ms | ActiveRecord: 0.0ms)


Started GET "/" for 127.0.0.1 at 2018-06-12 04:58:51 -0500
Processing by HomeController#index as HTML
  Rendering home/index.html.haml within layouts/application
  Rendered partials/_hero.html.haml (1.3ms)
  Rendered home/index.html.haml within layouts/application (3.1ms)
  Rendered partials/_header.html.haml (5.0ms)
Completed 200 OK in 2372ms (Views: 2370.2ms | ActiveRecord: 0.0ms)


Started GET "/" for 127.0.0.1 at 2018-06-12 04:59:11 -0500
Processing by HomeController#index as HTML
  Rendering home/index.html.haml within layouts/application
  Rendered partials/_hero.html.haml (1.2ms)
  Rendered home/index.html.haml within layouts/application (2.8ms)
  Rendered partials/_header.html.haml (5.4ms)
Completed 200 OK in 2295ms (Views: 2293.5ms | ActiveRecord: 0.0ms)


Started GET "/" for 127.0.0.1 at 2018-06-12 04:59:20 -0500
Processing by HomeController#index as HTML
  Rendering home/index.html.haml within layouts/application
  Rendered partials/_hero.html.haml (3.4ms)
  Rendered home/index.html.haml within layouts/application (6.9ms)
  Rendered partials/_header.html.haml (4.4ms)
Completed 200 OK in 2322ms (Views: 2320.8ms | ActiveRecord: 0.0ms)


Started GET "/" for 127.0.0.1 at 2018-06-12 04:59:54 -0500
Processing by HomeController#index as HTML
  Rendering home/index.html.haml within layouts/application
  Rendered partials/_hero.html.haml (1.4ms)
  Rendered home/index.html.haml within layouts/application (3.0ms)
  Rendered partials/_header.html.haml (4.1ms)
Completed 200 OK in 2353ms (Views: 2352.2ms | ActiveRecord: 0.0ms)


Started GET "/" for 127.0.0.1 at 2018-06-12 05:10:31 -0500
Processing by HomeController#index as HTML
  Rendering home/index.html.haml within layouts/application
  Rendered partials/_hero.html.haml (2.7ms)
  Rendered home/index.html.haml within layouts/application (5.6ms)
  Rendered partials/_header.html.haml (25.2ms)
Completed 200 OK in 2727ms (Views: 2726.2ms | ActiveRecord: 0.0ms)


Started GET "/" for 127.0.0.1 at 2018-06-12 05:11:52 -0500
Processing by HomeController#index as HTML
  Rendering home/index.html.haml within layouts/application
  Rendered partials/_hero.html.haml (1.5ms)
  Rendered home/index.html.haml within layouts/application (3.2ms)
  Rendered partials/_header.html.haml (4.4ms)
Completed 200 OK in 2449ms (Views: 2448.3ms | ActiveRecord: 0.0ms)


Started GET "/" for 127.0.0.1 at 2018-06-12 05:12:14 -0500
Processing by HomeController#index as HTML
  Rendering home/index.html.haml within layouts/application
  Rendered partials/_hero.html.haml (1.3ms)
  Rendered home/index.html.haml within layouts/application (3.0ms)
  Rendered partials/_header.html.haml (3.9ms)
Completed 200 OK in 2463ms (Views: 2462.0ms | ActiveRecord: 0.0ms)


Started GET "/" for 127.0.0.1 at 2018-06-12 05:13:21 -0500
Processing by HomeController#index as HTML
  Rendering home/index.html.haml within layouts/application
  Rendered partials/_hero.html.haml (1.6ms)
  Rendered home/index.html.haml within layouts/application (3.4ms)
  Rendered partials/_header.html.haml (5.7ms)
Completed 200 OK in 2355ms (Views: 2354.3ms | ActiveRecord: 0.0ms)


Started GET "/" for 127.0.0.1 at 2018-06-12 05:15:12 -0500
Processing by HomeController#index as HTML
  Rendering home/index.html.haml within layouts/application
  Rendered partials/_hero.html.haml (1.4ms)
  Rendered home/index.html.haml within layouts/application (3.4ms)
  Rendered partials/_header.html.haml (6.1ms)
Completed 200 OK in 2576ms (Views: 2574.8ms | ActiveRecord: 0.0ms)


Started GET "/" for 127.0.0.1 at 2018-06-12 05:16:45 -0500
Processing by HomeController#index as HTML
  Rendering home/index.html.haml within layouts/application
  Rendered partials/_hero.html.haml (2.4ms)
  Rendered home/index.html.haml within layouts/application (4.6ms)
  Rendered partials/_header.html.haml (4.2ms)
Completed 200 OK in 3015ms (Views: 3014.1ms | ActiveRecord: 0.0ms)


Started GET "/" for 127.0.0.1 at 2018-06-12 05:17:10 -0500
Processing by HomeController#index as HTML
  Rendering home/index.html.haml within layouts/application
  Rendered partials/_hero.html.haml (2.1ms)
  Rendered home/index.html.haml within layouts/application (4.5ms)
  Rendered partials/_header.html.haml (4.4ms)
Completed 200 OK in 2647ms (Views: 2645.4ms | ActiveRecord: 0.0ms)


Started GET "/" for 127.0.0.1 at 2018-06-12 05:17:31 -0500
Processing by HomeController#index as HTML
  Rendering home/index.html.haml within layouts/application
  Rendered partials/_hero.html.haml (1.3ms)
  Rendered home/index.html.haml within layouts/application (2.9ms)
  Rendered partials/_header.html.haml (3.9ms)
Completed 200 OK in 2624ms (Views: 2622.6ms | ActiveRecord: 0.0ms)


Started GET "/" for 127.0.0.1 at 2018-06-12 05:17:40 -0500
Processing by HomeController#index as HTML
  Rendering home/index.html.haml within layouts/application
  Rendered partials/_hero.html.haml (1.6ms)
  Rendered home/index.html.haml within layouts/application (4.4ms)
  Rendered partials/_header.html.haml (10.1ms)
Completed 200 OK in 2655ms (Views: 2653.2ms | ActiveRecord: 0.0ms)


Started GET "/" for 127.0.0.1 at 2018-06-12 05:18:26 -0500
Processing by HomeController#index as HTML
  Rendering home/index.html.haml within layouts/application
  Rendered partials/_hero.html.haml (9.1ms)
  Rendered home/index.html.haml within layouts/application (15.3ms)
  Rendered partials/_header.html.haml (4.3ms)
Completed 200 OK in 2622ms (Views: 2620.6ms | ActiveRecord: 0.0ms)


Started GET "/" for 127.0.0.1 at 2018-06-12 05:18:45 -0500
Processing by HomeController#index as HTML
  Rendering home/index.html.haml within layouts/application
  Rendered partials/_hero.html.haml (2.4ms)
  Rendered home/index.html.haml within layouts/application (6.7ms)
  Rendered partials/_header.html.haml (5.0ms)
Completed 200 OK in 46ms (Views: 44.2ms | ActiveRecord: 0.0ms)


Started GET "/" for 127.0.0.1 at 2018-06-12 05:18:58 -0500
Processing by HomeController#index as HTML
  Rendering home/index.html.haml within layouts/application
  Rendered partials/_hero.html.haml (1.7ms)
  Rendered home/index.html.haml within layouts/application (4.5ms)
  Rendered partials/_header.html.haml (6.1ms)
Completed 200 OK in 49ms (Views: 48.2ms | ActiveRecord: 0.0ms)


Started GET "/" for 127.0.0.1 at 2018-06-12 05:19:03 -0500
Processing by HomeController#index as HTML
  Rendering home/index.html.haml within layouts/application
  Rendered partials/_hero.html.haml (1.2ms)
  Rendered home/index.html.haml within layouts/application (3.0ms)
  Rendered partials/_header.html.haml (3.9ms)
Completed 200 OK in 42ms (Views: 41.3ms | ActiveRecord: 0.0ms)


Started GET "/" for 127.0.0.1 at 2018-06-12 05:19:25 -0500
Processing by HomeController#index as HTML
  Rendering home/index.html.haml within layouts/application
  Rendered partials/_hero.html.haml (2.6ms)
  Rendered home/index.html.haml within layouts/application (5.2ms)
  Rendered partials/_header.html.haml (5.2ms)
Completed 200 OK in 2740ms (Views: 2738.0ms | ActiveRecord: 0.0ms)


Started GET "/" for 127.0.0.1 at 2018-06-12 05:20:32 -0500
Processing by HomeController#index as HTML
  Rendering home/index.html.haml within layouts/application
  Rendered partials/_hero.html.haml (1.4ms)
  Rendered home/index.html.haml within layouts/application (3.0ms)
  Rendered partials/_header.html.haml (12.6ms)
Completed 200 OK in 2673ms (Views: 2671.7ms | ActiveRecord: 0.0ms)


Started GET "/" for 127.0.0.1 at 2018-06-12 05:21:10 -0500
Processing by HomeController#index as HTML
  Rendering home/index.html.haml within layouts/application
  Rendered partials/_hero.html.haml (12.4ms)
  Rendered home/index.html.haml within layouts/application (18.3ms)
  Rendered partials/_header.html.haml (3.9ms)
Completed 200 OK in 2560ms (Views: 2557.4ms | ActiveRecord: 0.0ms)


Started GET "/" for 127.0.0.1 at 2018-06-12 05:21:22 -0500
Processing by HomeController#index as HTML
  Rendering home/index.html.haml within layouts/application
  Rendered partials/_hero.html.haml (1.3ms)
  Rendered home/index.html.haml within layouts/application (2.9ms)
  Rendered partials/_header.html.haml (4.4ms)
Completed 200 OK in 2646ms (Views: 2644.7ms | ActiveRecord: 0.0ms)


Started GET "/" for 127.0.0.1 at 2018-06-12 05:22:07 -0500
Processing by HomeController#index as HTML
  Rendering home/index.html.haml within layouts/application
  Rendered partials/_hero.html.haml (1.2ms)
  Rendered home/index.html.haml within layouts/application (2.7ms)
  Rendered partials/_header.html.haml (16.6ms)
Completed 200 OK in 2680ms (Views: 2678.8ms | ActiveRecord: 0.0ms)


Started GET "/" for 127.0.0.1 at 2018-06-12 05:22:18 -0500
Processing by HomeController#index as HTML
  Rendering home/index.html.haml within layouts/application
  Rendered partials/_hero.html.haml (6.5ms)
  Rendered home/index.html.haml within layouts/application (13.6ms)
  Rendered partials/_header.html.haml (4.7ms)
Completed 200 OK in 2640ms (Views: 2636.2ms | ActiveRecord: 0.0ms)


Started GET "/" for 127.0.0.1 at 2018-06-12 05:22:33 -0500
Processing by HomeController#index as HTML
  Rendering home/index.html.haml within layouts/application
  Rendered partials/_hero.html.haml (1.9ms)
  Rendered home/index.html.haml within layouts/application (5.0ms)
  Rendered partials/_header.html.haml (4.6ms)
Completed 200 OK in 2656ms (Views: 2654.3ms | ActiveRecord: 0.0ms)


Started GET "/" for 127.0.0.1 at 2018-06-12 05:22:49 -0500
Processing by HomeController#index as HTML
  Rendering home/index.html.haml within layouts/application
  Rendered partials/_hero.html.haml (1.7ms)
  Rendered home/index.html.haml within layouts/application (3.7ms)
  Rendered partials/_header.html.haml (5.8ms)
Completed 200 OK in 49ms (Views: 47.2ms | ActiveRecord: 0.0ms)


Started GET "/" for 127.0.0.1 at 2018-06-12 05:23:02 -0500
Processing by HomeController#index as HTML
  Rendering home/index.html.haml within layouts/application
  Rendered partials/_hero.html.haml (1.8ms)
  Rendered home/index.html.haml within layouts/application (3.5ms)
  Rendered partials/_header.html.haml (30.3ms)
Completed 200 OK in 2870ms (Views: 2869.2ms | ActiveRecord: 0.0ms)


Started GET "/" for 127.0.0.1 at 2018-06-12 05:23:52 -0500
Processing by HomeController#index as HTML
  Rendering home/index.html.haml within layouts/application
  Rendered partials/_hero.html.haml (11.7ms)
  Rendered home/index.html.haml within layouts/application (17.3ms)
  Rendered partials/_header.html.haml (4.4ms)
Completed 200 OK in 2596ms (Views: 2593.1ms | ActiveRecord: 0.0ms)


Started GET "/" for 127.0.0.1 at 2018-06-12 05:24:18 -0500
Processing by HomeController#index as HTML
  Rendering home/index.html.haml within layouts/application
  Rendered partials/_hero.html.haml (1.2ms)
  Rendered home/index.html.haml within layouts/application (2.8ms)
  Rendered partials/_header.html.haml (4.7ms)
Completed 200 OK in 2714ms (Views: 2712.6ms | ActiveRecord: 0.0ms)


Started GET "/" for 127.0.0.1 at 2018-06-12 05:24:28 -0500
Processing by HomeController#index as HTML
  Rendering home/index.html.haml within layouts/application
  Rendered partials/_hero.html.haml (4.8ms)
  Rendered home/index.html.haml within layouts/application (8.2ms)
  Rendered partials/_header.html.haml (24.4ms)
Completed 200 OK in 2723ms (Views: 2722.4ms | ActiveRecord: 0.0ms)


Started GET "/" for 127.0.0.1 at 2018-06-12 05:24:37 -0500
Processing by HomeController#index as HTML
  Rendering home/index.html.haml within layouts/application
  Rendered partials/_hero.html.haml (8.3ms)
  Rendered home/index.html.haml within layouts/application (13.2ms)
  Rendered partials/_header.html.haml (6.2ms)
Completed 200 OK in 73ms (Views: 70.8ms | ActiveRecord: 0.0ms)


Started GET "/" for 127.0.0.1 at 2018-06-12 05:25:26 -0500
Processing by HomeController#index as HTML
  Rendering home/index.html.haml within layouts/application
  Rendered partials/_hero.html.haml (1.4ms)
  Rendered home/index.html.haml within layouts/application (3.7ms)
  Rendered partials/_header.html.haml (6.0ms)
Completed 200 OK in 2634ms (Views: 2631.8ms | ActiveRecord: 0.0ms)


Started GET "/" for 127.0.0.1 at 2018-06-12 05:26:11 -0500
Processing by HomeController#index as HTML
  Rendering home/index.html.haml within layouts/application
  Rendered partials/_hero.html.haml (3.7ms)
  Rendered home/index.html.haml within layouts/application (7.7ms)
  Rendered partials/_header.html.haml (4.1ms)
Completed 200 OK in 2714ms (Views: 2712.6ms | ActiveRecord: 0.0ms)


Started GET "/" for 127.0.0.1 at 2018-06-12 05:26:50 -0500
Processing by HomeController#index as HTML
  Rendering home/index.html.haml within layouts/application
  Rendered partials/_hero.html.haml (1.6ms)
  Rendered home/index.html.haml within layouts/application (3.6ms)
  Rendered partials/_header.html.haml (4.7ms)
Completed 200 OK in 46ms (Views: 45.2ms | ActiveRecord: 0.0ms)


Started GET "/" for 127.0.0.1 at 2018-06-12 05:27:00 -0500
Processing by HomeController#index as HTML
  Rendering home/index.html.haml within layouts/application
  Rendered partials/_hero.html.haml (1.2ms)
  Rendered home/index.html.haml within layouts/application (2.8ms)
Completed 500 Internal Server Error in 689ms (ActiveRecord: 0.0ms)



ActionView::Template::Error (Invalid CSS after "  @include ": expected identifier, was ".display-3;"):
     6:     %title Abuelometro
     7:     = csrf_meta_tags
     8:     = csp_meta_tag
     9:     = stylesheet_link_tag    'application', media: 'all', 'data-turbolinks-track': 'reload'
    10:     = javascript_include_tag 'application', 'data-turbolinks-track': 'reload'
    11:   %body
    12:     = render 'partials/header'

app/assets/stylesheets/layout/_hero.scss:7
app/assets/stylesheets/layout:2
app/assets/stylesheets/application.scss:18
app/views/layouts/application.html.haml:9:in `_app_views_layouts_application_html_haml___3520544451958633044_69909332600660'
Started GET "/" for 127.0.0.1 at 2018-06-12 05:27:14 -0500
Processing by HomeController#index as HTML
  Rendering home/index.html.haml within layouts/application
  Rendered partials/_hero.html.haml (1.7ms)
  Rendered home/index.html.haml within layouts/application (3.8ms)
Completed 500 Internal Server Error in 665ms (ActiveRecord: 0.0ms)



ActionView::Template::Error (Invalid CSS after "  @include ": expected identifier, was ".display-6;"):
     6:     %title Abuelometro
     7:     = csrf_meta_tags
     8:     = csp_meta_tag
     9:     = stylesheet_link_tag    'application', media: 'all', 'data-turbolinks-track': 'reload'
    10:     = javascript_include_tag 'application', 'data-turbolinks-track': 'reload'
    11:   %body
    12:     = render 'partials/header'

app/assets/stylesheets/layout/_hero.scss:7
app/assets/stylesheets/layout:2
app/assets/stylesheets/application.scss:18
app/views/layouts/application.html.haml:9:in `_app_views_layouts_application_html_haml___3520544451958633044_69909658268680'
Started GET "/" for 127.0.0.1 at 2018-06-12 05:27:21 -0500
Processing by HomeController#index as HTML
  Rendering home/index.html.haml within layouts/application
  Rendered partials/_hero.html.haml (3.7ms)
  Rendered home/index.html.haml within layouts/application (7.9ms)
Completed 500 Internal Server Error in 660ms (ActiveRecord: 0.0ms)



ActionView::Template::Error (Invalid CSS after "  @include ": expected identifier, was ".display-4;"):
     6:     %title Abuelometro
     7:     = csrf_meta_tags
     8:     = csp_meta_tag
     9:     = stylesheet_link_tag    'application', media: 'all', 'data-turbolinks-track': 'reload'
    10:     = javascript_include_tag 'application', 'data-turbolinks-track': 'reload'
    11:   %body
    12:     = render 'partials/header'

app/assets/stylesheets/layout/_hero.scss:7
app/assets/stylesheets/layout:2
app/assets/stylesheets/application.scss:18
app/views/layouts/application.html.haml:9:in `_app_views_layouts_application_html_haml___3520544451958633044_69909487536540'
Started GET "/" for 127.0.0.1 at 2018-06-12 05:28:14 -0500
Processing by HomeController#index as HTML
  Rendering home/index.html.haml within layouts/application
  Rendered partials/_hero.html.haml (1.5ms)
  Rendered home/index.html.haml within layouts/application (3.2ms)
  Rendered partials/_header.html.haml (5.5ms)
Completed 200 OK in 2504ms (Views: 2502.6ms | ActiveRecord: 0.0ms)


Started GET "/" for 127.0.0.1 at 2018-06-12 05:28:25 -0500
Processing by HomeController#index as HTML
  Rendering home/index.html.haml within layouts/application
  Rendered partials/_hero.html.haml (1.9ms)
  Rendered home/index.html.haml within layouts/application (4.7ms)
  Rendered partials/_header.html.haml (4.4ms)
Completed 200 OK in 50ms (Views: 45.3ms | ActiveRecord: 0.0ms)


Started GET "/" for 127.0.0.1 at 2018-06-12 05:28:32 -0500
Processing by HomeController#index as HTML
  Rendering home/index.html.haml within layouts/application
  Rendered partials/_hero.html.haml (1.2ms)
  Rendered home/index.html.haml within layouts/application (3.2ms)
  Rendered partials/_header.html.haml (4.6ms)
Completed 200 OK in 44ms (Views: 41.6ms | ActiveRecord: 0.0ms)


Started GET "/" for 127.0.0.1 at 2018-06-12 05:29:12 -0500
Processing by HomeController#index as HTML
  Rendering home/index.html.haml within layouts/application
  Rendered partials/_hero.html.haml (29.9ms)
  Rendered home/index.html.haml within layouts/application (33.9ms)
  Rendered partials/_header.html.haml (5.5ms)
Completed 200 OK in 2780ms (Views: 2778.9ms | ActiveRecord: 0.0ms)


Started GET "/" for 127.0.0.1 at 2018-06-12 05:29:22 -0500
Processing by HomeController#index as HTML
  Rendering home/index.html.haml within layouts/application
  Rendered partials/_hero.html.haml (1.4ms)
  Rendered home/index.html.haml within layouts/application (3.2ms)
  Rendered partials/_header.html.haml (5.0ms)
Completed 200 OK in 2720ms (Views: 2718.5ms | ActiveRecord: 0.0ms)


Started GET "/" for 127.0.0.1 at 2018-06-12 05:30:30 -0500
Processing by HomeController#index as HTML
  Rendering home/index.html.haml within layouts/application
  Rendered partials/_hero.html.haml (2.1ms)
  Rendered home/index.html.haml within layouts/application (4.5ms)
  Rendered partials/_header.html.haml (3.9ms)
Completed 200 OK in 2729ms (Views: 2727.8ms | ActiveRecord: 0.0ms)


Started GET "/" for 127.0.0.1 at 2018-06-12 05:30:45 -0500
Processing by HomeController#index as HTML
  Rendering home/index.html.haml within layouts/application
  Rendered partials/_hero.html.haml (1.2ms)
  Rendered home/index.html.haml within layouts/application (2.9ms)
  Rendered partials/_header.html.haml (4.4ms)
Completed 200 OK in 2947ms (Views: 2945.9ms | ActiveRecord: 0.0ms)


Started GET "/" for 127.0.0.1 at 2018-06-12 05:32:30 -0500
Processing by HomeController#index as HTML
  Rendering home/index.html.haml within layouts/application
  Rendered partials/_hero.html.haml (3.0ms)
  Rendered home/index.html.haml within layouts/application (6.6ms)
  Rendered partials/_header.html.haml (4.1ms)
Completed 200 OK in 44ms (Views: 43.1ms | ActiveRecord: 0.0ms)


Started GET "/" for 127.0.0.1 at 2018-06-12 05:32:51 -0500
Processing by HomeController#index as HTML
  Rendering home/index.html.haml within layouts/application
  Rendered partials/_hero.html.haml (3.5ms)
  Rendered home/index.html.haml within layouts/application (7.4ms)
  Rendered partials/_header.html.haml (5.3ms)
Completed 200 OK in 45ms (Views: 42.7ms | ActiveRecord: 0.0ms)


Started GET "/" for 127.0.0.1 at 2018-06-12 05:39:29 -0500
Processing by HomeController#index as HTML
  Rendering home/index.html.haml within layouts/application
  Rendered partials/_hero.html.haml (2.0ms)
  Rendered home/index.html.haml within layouts/application (4.0ms)
  Rendered partials/_header.html.haml (4.3ms)
Completed 200 OK in 2744ms (Views: 2743.3ms | ActiveRecord: 0.0ms)


Started GET "/" for 127.0.0.1 at 2018-06-12 05:40:03 -0500
Processing by HomeController#index as HTML
  Rendering home/index.html.haml within layouts/application
  Rendered partials/_hero.html.haml (1.5ms)
  Rendered home/index.html.haml within layouts/application (3.3ms)
  Rendered partials/_header.html.haml (4.5ms)
Completed 200 OK in 2800ms (Views: 2799.0ms | ActiveRecord: 0.0ms)


Started GET "/" for 127.0.0.1 at 2018-06-12 05:40:24 -0500
Processing by HomeController#index as HTML
  Rendering home/index.html.haml within layouts/application
  Rendered partials/_hero.html.haml (2.0ms)
  Rendered home/index.html.haml within layouts/application (4.7ms)
  Rendered partials/_header.html.haml (5.1ms)
Completed 200 OK in 2716ms (Views: 2714.5ms | ActiveRecord: 0.0ms)


Started GET "/" for 127.0.0.1 at 2018-06-12 05:40:42 -0500
Processing by HomeController#index as HTML
  Rendering home/index.html.haml within layouts/application
  Rendered partials/_hero.html.haml (1.5ms)
  Rendered home/index.html.haml within layouts/application (3.4ms)
  Rendered partials/_header.html.haml (5.3ms)
Completed 200 OK in 2786ms (Views: 2784.4ms | ActiveRecord: 0.0ms)


Started GET "/" for 127.0.0.1 at 2018-06-12 05:43:53 -0500
Processing by HomeController#index as HTML
  Rendering home/index.html.haml within layouts/application
  Rendered partials/_hero.html.haml (1.7ms)
  Rendered home/index.html.haml within layouts/application (3.6ms)
  Rendered partials/_header.html.haml (4.7ms)
Completed 200 OK in 2801ms (Views: 2799.7ms | ActiveRecord: 0.0ms)


Started GET "/" for 127.0.0.1 at 2018-06-12 05:44:18 -0500
Processing by HomeController#index as HTML
  Rendering home/index.html.haml within layouts/application
  Rendered partials/_hero.html.haml (4.9ms)
  Rendered home/index.html.haml within layouts/application (8.1ms)
  Rendered partials/_header.html.haml (6.8ms)
Completed 200 OK in 158ms (Views: 156.5ms | ActiveRecord: 0.0ms)


Started GET "/" for 127.0.0.1 at 2018-06-12 05:44:48 -0500
Processing by HomeController#index as HTML
  Rendering home/index.html.haml within layouts/application
  Rendered partials/_hero.html.haml (3.4ms)
  Rendered home/index.html.haml within layouts/application (7.8ms)
  Rendered partials/_header.html.haml (5.8ms)
Completed 200 OK in 155ms (Views: 153.2ms | ActiveRecord: 0.0ms)


Started GET "/" for 127.0.0.1 at 2018-06-12 05:45:07 -0500
Processing by HomeController#index as HTML
  Rendering home/index.html.haml within layouts/application
  Rendered partials/_hero.html.haml (3.1ms)
  Rendered home/index.html.haml within layouts/application (5.1ms)
  Rendered partials/_header.html.haml (8.9ms)
Completed 200 OK in 185ms (Views: 184.1ms | ActiveRecord: 0.0ms)


Started GET "/" for 127.0.0.1 at 2018-06-12 05:45:10 -0500
Processing by HomeController#index as HTML
  Rendering home/index.html.haml within layouts/application
  Rendered partials/_hero.html.haml (4.7ms)
  Rendered home/index.html.haml within layouts/application (10.2ms)
  Rendered partials/_header.html.haml (8.0ms)
Completed 200 OK in 80ms (Views: 79.2ms | ActiveRecord: 0.0ms)


Started GET "/" for 127.0.0.1 at 2018-06-12 05:45:12 -0500
Processing by HomeController#index as HTML
  Rendering home/index.html.haml within layouts/application
  Rendered partials/_hero.html.haml (1.5ms)
  Rendered home/index.html.haml within layouts/application (3.1ms)
  Rendered partials/_header.html.haml (6.4ms)
Completed 200 OK in 53ms (Views: 52.2ms | ActiveRecord: 0.0ms)


Started GET "/" for 127.0.0.1 at 2018-06-12 05:45:15 -0500
Processing by HomeController#index as HTML
  Rendering home/index.html.haml within layouts/application
  Rendered partials/_hero.html.haml (1.6ms)
  Rendered home/index.html.haml within layouts/application (3.2ms)
  Rendered partials/_header.html.haml (6.1ms)
Completed 200 OK in 51ms (Views: 50.1ms | ActiveRecord: 0.0ms)


Started GET "/" for 127.0.0.1 at 2018-06-12 05:46:23 -0500
Processing by HomeController#index as HTML
  Rendering home/index.html.haml within layouts/application
  Rendered partials/_hero.html.haml (1.5ms)
  Rendered home/index.html.haml within layouts/application (3.2ms)
  Rendered partials/_header.html.haml (5.2ms)
Completed 200 OK in 142ms (Views: 141.0ms | ActiveRecord: 0.0ms)


Started GET "/" for 127.0.0.1 at 2018-06-12 05:46:24 -0500
Processing by HomeController#index as HTML
  Rendering home/index.html.haml within layouts/application
  Rendered partials/_hero.html.haml (2.2ms)
  Rendered home/index.html.haml within layouts/application (4.5ms)
  Rendered partials/_header.html.haml (4.6ms)
Completed 200 OK in 53ms (Views: 52.3ms | ActiveRecord: 0.0ms)


Started GET "/" for 127.0.0.1 at 2018-06-12 05:46:37 -0500
Processing by HomeController#index as HTML
  Rendering home/index.html.haml within layouts/application
  Rendered partials/_hero.html.haml (2.6ms)
  Rendered home/index.html.haml within layouts/application (5.4ms)
  Rendered partials/_header.html.haml (5.5ms)
Completed 200 OK in 137ms (Views: 136.2ms | ActiveRecord: 0.0ms)


Started GET "/" for 127.0.0.1 at 2018-06-12 05:46:46 -0500
Processing by HomeController#index as HTML
  Rendering home/index.html.haml within layouts/application
  Rendered partials/_hero.html.haml (1.9ms)
  Rendered home/index.html.haml within layouts/application (3.8ms)
  Rendered partials/_header.html.haml (8.1ms)
Completed 200 OK in 137ms (Views: 136.2ms | ActiveRecord: 0.0ms)


Started GET "/" for 127.0.0.1 at 2018-06-12 05:50:52 -0500
Processing by HomeController#index as HTML
  Rendering home/index.html.haml within layouts/application
  Rendered partials/_hero.html.haml (1.7ms)
  Rendered home/index.html.haml within layouts/application (3.5ms)
  Rendered partials/_header.html.haml (5.7ms)
Completed 200 OK in 135ms (Views: 133.5ms | ActiveRecord: 0.0ms)
  [1m[35m (0.1ms)[0m  [1m[34mSELECT "schema_migrations"."version" FROM "schema_migrations" ORDER BY "schema_migrations"."version" ASC[0m
  ↳ bin/rails:9
Migrating to DeviseCreateUsers (20180612154152)
  [1m[35m (0.1ms)[0m  [1m[36mbegin transaction[0m
  ↳ bin/rails:9
  [1m[35m (0.1ms)[0m  [1m[34mSELECT sqlite_version(*)[0m
  ↳ db/migrate/20180612154152_devise_create_users.rb:5
  [1m[35m (0.3ms)[0m  [1m[35mCREATE TABLE "users" ("id" integer PRIMARY KEY AUTOINCREMENT NOT NULL, "email" varchar DEFAULT '' NOT NULL, "encrypted_password" varchar DEFAULT '' NOT NULL, "reset_password_token" varchar, "reset_password_sent_at" datetime, "remember_created_at" datetime, "sign_in_count" integer DEFAULT 0 NOT NULL, "current_sign_in_at" datetime, "last_sign_in_at" datetime, "current_sign_in_ip" varchar, "last_sign_in_ip" varchar, "created_at" datetime NOT NULL, "updated_at" datetime NOT NULL)[0m
  ↳ db/migrate/20180612154152_devise_create_users.rb:5
  [1m[35m (0.2ms)[0m  [1m[35mCREATE UNIQUE INDEX "index_users_on_email" ON "users" ("email")[0m
  ↳ db/migrate/20180612154152_devise_create_users.rb:39
  [1m[35m (0.2ms)[0m  [1m[35mCREATE UNIQUE INDEX "index_users_on_reset_password_token" ON "users" ("reset_password_token")[0m
  ↳ db/migrate/20180612154152_devise_create_users.rb:40
  [1m[36mActiveRecord::SchemaMigration Create (0.2ms)[0m  [1m[32mINSERT INTO "schema_migrations" ("version") VALUES (?)[0m  [["version", "20180612154152"]]
  ↳ bin/rails:9
  [1m[35m (344.3ms)[0m  [1m[36mcommit transaction[0m
  ↳ bin/rails:9
Migrating to AddDeviseToUsers (20180612173741)
  [1m[35m (0.2ms)[0m  [1m[36mbegin transaction[0m
  ↳ bin/rails:9
  [1m[35m (1.1ms)[0m  [1m[35mALTER TABLE "users" ADD "email" varchar DEFAULT '' NOT NULL[0m
  ↳ db/migrate/20180612173741_add_devise_to_users.rb:7
  [1m[35m (0.1ms)[0m  [1m[31mrollback transaction[0m
  ↳ bin/rails:9
  [1m[35m (0.1ms)[0m  [1m[34mSELECT "schema_migrations"."version" FROM "schema_migrations" ORDER BY "schema_migrations"."version" ASC[0m
  ↳ bin/rails:9
  [1m[35m (0.1ms)[0m  [1m[34mSELECT "ar_internal_metadata"."value" FROM "ar_internal_metadata" WHERE "ar_internal_metadata"."key" = ?[0m  [["key", "environment"]]
  ↳ bin/rails:9
  [1m[35m (0.1ms)[0m  [1m[34mSELECT "schema_migrations"."version" FROM "schema_migrations" ORDER BY "schema_migrations"."version" ASC[0m
  ↳ bin/rails:9
  [1m[35m (0.1ms)[0m  [1m[34mSELECT "ar_internal_metadata"."value" FROM "ar_internal_metadata" WHERE "ar_internal_metadata"."key" = ?[0m  [["key", "environment"]]
  ↳ bin/rails:9
  [1m[35m (0.1ms)[0m  [1m[34mSELECT "schema_migrations"."version" FROM "schema_migrations" ORDER BY "schema_migrations"."version" ASC[0m
  ↳ bin/rails:9
  [1m[35m (0.1ms)[0m  [1m[34mSELECT "ar_internal_metadata"."value" FROM "ar_internal_metadata" WHERE "ar_internal_metadata"."key" = ?[0m  [["key", "environment"]]
  ↳ bin/rails:9
  [1m[35m (0.2ms)[0m  [1m[35mDROP TABLE IF EXISTS "profiles"[0m
  ↳ db/schema.rb:15
  [1m[35m (0.1ms)[0m  [1m[34mSELECT sqlite_version(*)[0m
  ↳ db/schema.rb:15
  [1m[35m (449.4ms)[0m  [1m[35mCREATE TABLE "profiles" ("id" integer PRIMARY KEY AUTOINCREMENT NOT NULL, "profile_name" varchar, "profile_first_name" varchar, "profile_second_name" varchar, "profile_phone" varchar, "created_at" datetime NOT NULL, "updated_at" datetime NOT NULL)[0m
  ↳ db/schema.rb:15
  [1m[35m (241.2ms)[0m  [1m[35mCREATE TABLE "schema_migrations" ("version" varchar NOT NULL PRIMARY KEY)[0m
  ↳ db/schema.rb:13
  [1m[35m (0.7ms)[0m  [1m[34mSELECT "schema_migrations"."version" FROM "schema_migrations" ORDER BY "schema_migrations"."version" ASC[0m
  ↳ db/schema.rb:13
  [1m[35m (170.6ms)[0m  [1m[32mINSERT INTO "schema_migrations" (version) VALUES (20180612061035)[0m
  ↳ db/schema.rb:13
  [1m[35m (342.5ms)[0m  [1m[35mCREATE TABLE "ar_internal_metadata" ("key" varchar NOT NULL PRIMARY KEY, "value" varchar, "created_at" datetime NOT NULL, "updated_at" datetime NOT NULL)[0m
  ↳ db/schema.rb:13
  [1m[36mActiveRecord::InternalMetadata Load (0.7ms)[0m  [1m[34mSELECT  "ar_internal_metadata".* FROM "ar_internal_metadata" WHERE "ar_internal_metadata"."key" = ? LIMIT ?[0m  [["key", "environment"], ["LIMIT", 1]]
  ↳ db/schema.rb:13
  [1m[35m (0.1ms)[0m  [1m[36mbegin transaction[0m
  ↳ db/schema.rb:13
  [1m[36mActiveRecord::InternalMetadata Create (0.8ms)[0m  [1m[32mINSERT INTO "ar_internal_metadata" ("key", "value", "created_at", "updated_at") VALUES (?, ?, ?, ?)[0m  [["key", "environment"], ["value", "development"], ["created_at", "2018-06-12 17:38:06.085063"], ["updated_at", "2018-06-12 17:38:06.085063"]]
  ↳ db/schema.rb:13
  [1m[35m (238.2ms)[0m  [1m[36mcommit transaction[0m
  ↳ db/schema.rb:13
  [1m[36mActiveRecord::InternalMetadata Load (0.4ms)[0m  [1m[34mSELECT  "ar_internal_metadata".* FROM "ar_internal_metadata" WHERE "ar_internal_metadata"."key" = ? LIMIT ?[0m  [["key", "environment"], ["LIMIT", 1]]
  ↳ bin/rails:9
  [1m[35m (0.2ms)[0m  [1m[36mbegin transaction[0m
  ↳ bin/rails:9
  [1m[35m (0.1ms)[0m  [1m[36mcommit transaction[0m
  ↳ bin/rails:9
  [1m[35m (0.6ms)[0m  [1m[35mDROP TABLE IF EXISTS "profiles"[0m
  ↳ db/schema.rb:15
  [1m[35m (0.3ms)[0m  [1m[34mSELECT sqlite_version(*)[0m
  ↳ db/schema.rb:15
  [1m[35m (260.1ms)[0m  [1m[35mCREATE TABLE "profiles" ("id" integer PRIMARY KEY AUTOINCREMENT NOT NULL, "profile_name" varchar, "profile_first_name" varchar, "profile_second_name" varchar, "profile_phone" varchar, "created_at" datetime NOT NULL, "updated_at" datetime NOT NULL)[0m
  ↳ db/schema.rb:15
  [1m[35m (274.0ms)[0m  [1m[35mCREATE TABLE "schema_migrations" ("version" varchar NOT NULL PRIMARY KEY)[0m
  ↳ db/schema.rb:13
  [1m[35m (0.5ms)[0m  [1m[34mSELECT "schema_migrations"."version" FROM "schema_migrations" ORDER BY "schema_migrations"."version" ASC[0m
  ↳ db/schema.rb:13
  [1m[35m (177.4ms)[0m  [1m[32mINSERT INTO "schema_migrations" (version) VALUES (20180612061035)[0m
  ↳ db/schema.rb:13
  [1m[35m (369.8ms)[0m  [1m[35mCREATE TABLE "ar_internal_metadata" ("key" varchar NOT NULL PRIMARY KEY, "value" varchar, "created_at" datetime NOT NULL, "updated_at" datetime NOT NULL)[0m
  ↳ db/schema.rb:13
  [1m[36mActiveRecord::InternalMetadata Load (0.4ms)[0m  [1m[34mSELECT  "ar_internal_metadata".* FROM "ar_internal_metadata" WHERE "ar_internal_metadata"."key" = ? LIMIT ?[0m  [["key", "environment"], ["LIMIT", 1]]
  ↳ db/schema.rb:13
  [1m[35m (0.2ms)[0m  [1m[36mbegin transaction[0m
  ↳ db/schema.rb:13
  [1m[36mActiveRecord::InternalMetadata Create (1.0ms)[0m  [1m[32mINSERT INTO "ar_internal_metadata" ("key", "value", "created_at", "updated_at") VALUES (?, ?, ?, ?)[0m  [["key", "environment"], ["value", "development"], ["created_at", "2018-06-12 17:38:07.436347"], ["updated_at", "2018-06-12 17:38:07.436347"]]
  ↳ db/schema.rb:13
  [1m[35m (168.2ms)[0m  [1m[36mcommit transaction[0m
  ↳ db/schema.rb:13
  [1m[36mActiveRecord::InternalMetadata Load (0.3ms)[0m  [1m[34mSELECT  "ar_internal_metadata".* FROM "ar_internal_metadata" WHERE "ar_internal_metadata"."key" = ? LIMIT ?[0m  [["key", "environment"], ["LIMIT", 1]]
  ↳ bin/rails:9
  [1m[35m (0.2ms)[0m  [1m[36mbegin transaction[0m
  ↳ bin/rails:9
  [1m[36mActiveRecord::InternalMetadata Update (0.7ms)[0m  [1m[33mUPDATE "ar_internal_metadata" SET "value" = ?, "updated_at" = ? WHERE "ar_internal_metadata"."key" = ?[0m  [["value", "test"], ["updated_at", "2018-06-12 17:38:07.614265"], ["key", "environment"]]
  ↳ bin/rails:9
  [1m[35m (176.6ms)[0m  [1m[36mcommit transaction[0m
  ↳ bin/rails:9
  [1m[35m (0.3ms)[0m  [1m[34mSELECT "schema_migrations"."version" FROM "schema_migrations" ORDER BY "schema_migrations"."version" ASC[0m
  ↳ bin/rails:9
  [1m[35m (0.1ms)[0m  [1m[34mSELECT "schema_migrations"."version" FROM "schema_migrations" ORDER BY "schema_migrations"."version" ASC[0m
  ↳ bin/rails:9
Migrating to DeviseCreateUsers (20180612154152)
  [1m[35m (0.0ms)[0m  [1m[36mbegin transaction[0m
  ↳ bin/rails:9
  [1m[35m (0.1ms)[0m  [1m[34mSELECT sqlite_version(*)[0m
  ↳ db/migrate/20180612154152_devise_create_users.rb:5
  [1m[35m (0.2ms)[0m  [1m[35mCREATE TABLE "users" ("id" integer PRIMARY KEY AUTOINCREMENT NOT NULL, "email" varchar DEFAULT '' NOT NULL, "encrypted_password" varchar DEFAULT '' NOT NULL, "reset_password_token" varchar, "reset_password_sent_at" datetime, "remember_created_at" datetime, "sign_in_count" integer DEFAULT 0 NOT NULL, "current_sign_in_at" datetime, "last_sign_in_at" datetime, "current_sign_in_ip" varchar, "last_sign_in_ip" varchar, "created_at" datetime NOT NULL, "updated_at" datetime NOT NULL)[0m
  ↳ db/migrate/20180612154152_devise_create_users.rb:5
  [1m[35m (0.2ms)[0m  [1m[35mCREATE UNIQUE INDEX "index_users_on_email" ON "users" ("email")[0m
  ↳ db/migrate/20180612154152_devise_create_users.rb:39
  [1m[35m (0.1ms)[0m  [1m[35mCREATE UNIQUE INDEX "index_users_on_reset_password_token" ON "users" ("reset_password_token")[0m
  ↳ db/migrate/20180612154152_devise_create_users.rb:40
  [1m[36mActiveRecord::SchemaMigration Create (0.1ms)[0m  [1m[32mINSERT INTO "schema_migrations" ("version") VALUES (?)[0m  [["version", "20180612154152"]]
  ↳ bin/rails:9
  [1m[35m (346.1ms)[0m  [1m[36mcommit transaction[0m
  ↳ bin/rails:9
Migrating to AddDeviseToUsers (20180612173741)
  [1m[35m (0.2ms)[0m  [1m[36mbegin transaction[0m
  ↳ bin/rails:9
  [1m[35m (1.0ms)[0m  [1m[35mALTER TABLE "users" ADD "email" varchar DEFAULT '' NOT NULL[0m
  ↳ db/migrate/20180612173741_add_devise_to_users.rb:7
  [1m[35m (0.1ms)[0m  [1m[31mrollback transaction[0m
  ↳ bin/rails:9
  [1m[35m (0.1ms)[0m  [1m[34mSELECT "schema_migrations"."version" FROM "schema_migrations" ORDER BY "schema_migrations"."version" ASC[0m
  ↳ /home/rubio/.rvm/gems/ruby-2.5.1/bin/rake:23
  [1m[35m (0.1ms)[0m  [1m[34mSELECT "ar_internal_metadata"."value" FROM "ar_internal_metadata" WHERE "ar_internal_metadata"."key" = ?[0m  [["key", "environment"]]
  ↳ /home/rubio/.rvm/gems/ruby-2.5.1/bin/rake:23
  [1m[35m (0.0ms)[0m  [1m[34mSELECT "schema_migrations"."version" FROM "schema_migrations" ORDER BY "schema_migrations"."version" ASC[0m
  ↳ /home/rubio/.rvm/gems/ruby-2.5.1/bin/rake:23
  [1m[35m (0.0ms)[0m  [1m[34mSELECT "ar_internal_metadata"."value" FROM "ar_internal_metadata" WHERE "ar_internal_metadata"."key" = ?[0m  [["key", "environment"]]
  ↳ /home/rubio/.rvm/gems/ruby-2.5.1/bin/rake:23
  [1m[35m (0.0ms)[0m  [1m[34mSELECT "schema_migrations"."version" FROM "schema_migrations" ORDER BY "schema_migrations"."version" ASC[0m
  ↳ /home/rubio/.rvm/gems/ruby-2.5.1/bin/rake:23
  [1m[35m (0.0ms)[0m  [1m[34mSELECT "ar_internal_metadata"."value" FROM "ar_internal_metadata" WHERE "ar_internal_metadata"."key" = ?[0m  [["key", "environment"]]
  ↳ /home/rubio/.rvm/gems/ruby-2.5.1/bin/rake:23
  [1m[35m (0.1ms)[0m  [1m[35mDROP TABLE IF EXISTS "profiles"[0m
  ↳ db/schema.rb:15
  [1m[35m (0.1ms)[0m  [1m[34mSELECT sqlite_version(*)[0m
  ↳ db/schema.rb:15
  [1m[35m (353.4ms)[0m  [1m[35mCREATE TABLE "profiles" ("id" integer PRIMARY KEY AUTOINCREMENT NOT NULL, "profile_name" varchar, "profile_first_name" varchar, "profile_second_name" varchar, "profile_phone" varchar, "created_at" datetime NOT NULL, "updated_at" datetime NOT NULL)[0m
  ↳ db/schema.rb:15
  [1m[35m (274.7ms)[0m  [1m[35mCREATE TABLE "schema_migrations" ("version" varchar NOT NULL PRIMARY KEY)[0m
  ↳ db/schema.rb:13
  [1m[35m (0.4ms)[0m  [1m[34mSELECT "schema_migrations"."version" FROM "schema_migrations" ORDER BY "schema_migrations"."version" ASC[0m
  ↳ db/schema.rb:13
  [1m[35m (169.8ms)[0m  [1m[32mINSERT INTO "schema_migrations" (version) VALUES (20180612061035)[0m
  ↳ db/schema.rb:13
  [1m[35m (284.0ms)[0m  [1m[35mCREATE TABLE "ar_internal_metadata" ("key" varchar NOT NULL PRIMARY KEY, "value" varchar, "created_at" datetime NOT NULL, "updated_at" datetime NOT NULL)[0m
  ↳ db/schema.rb:13
  [1m[36mActiveRecord::InternalMetadata Load (0.4ms)[0m  [1m[34mSELECT  "ar_internal_metadata".* FROM "ar_internal_metadata" WHERE "ar_internal_metadata"."key" = ? LIMIT ?[0m  [["key", "environment"], ["LIMIT", 1]]
  ↳ db/schema.rb:13
  [1m[35m (0.0ms)[0m  [1m[36mbegin transaction[0m
  ↳ db/schema.rb:13
  [1m[36mActiveRecord::InternalMetadata Create (0.2ms)[0m  [1m[32mINSERT INTO "ar_internal_metadata" ("key", "value", "created_at", "updated_at") VALUES (?, ?, ?, ?)[0m  [["key", "environment"], ["value", "development"], ["created_at", "2018-06-12 17:40:14.837249"], ["updated_at", "2018-06-12 17:40:14.837249"]]
  ↳ db/schema.rb:13
  [1m[35m (162.1ms)[0m  [1m[36mcommit transaction[0m
  ↳ db/schema.rb:13
  [1m[36mActiveRecord::InternalMetadata Load (0.2ms)[0m  [1m[34mSELECT  "ar_internal_metadata".* FROM "ar_internal_metadata" WHERE "ar_internal_metadata"."key" = ? LIMIT ?[0m  [["key", "environment"], ["LIMIT", 1]]
  ↳ /home/rubio/.rvm/gems/ruby-2.5.1/bin/rake:23
  [1m[35m (0.1ms)[0m  [1m[36mbegin transaction[0m
  ↳ /home/rubio/.rvm/gems/ruby-2.5.1/bin/rake:23
  [1m[35m (0.0ms)[0m  [1m[36mcommit transaction[0m
  ↳ /home/rubio/.rvm/gems/ruby-2.5.1/bin/rake:23
  [1m[35m (0.1ms)[0m  [1m[35mDROP TABLE IF EXISTS "profiles"[0m
  ↳ db/schema.rb:15
  [1m[35m (0.1ms)[0m  [1m[34mSELECT sqlite_version(*)[0m
  ↳ db/schema.rb:15
  [1m[35m (290.2ms)[0m  [1m[35mCREATE TABLE "profiles" ("id" integer PRIMARY KEY AUTOINCREMENT NOT NULL, "profile_name" varchar, "profile_first_name" varchar, "profile_second_name" varchar, "profile_phone" varchar, "created_at" datetime NOT NULL, "updated_at" datetime NOT NULL)[0m
  ↳ db/schema.rb:15
  [1m[35m (263.1ms)[0m  [1m[35mCREATE TABLE "schema_migrations" ("version" varchar NOT NULL PRIMARY KEY)[0m
  ↳ db/schema.rb:13
  [1m[35m (0.4ms)[0m  [1m[34mSELECT "schema_migrations"."version" FROM "schema_migrations" ORDER BY "schema_migrations"."version" ASC[0m
  ↳ db/schema.rb:13
  [1m[35m (167.3ms)[0m  [1m[32mINSERT INTO "schema_migrations" (version) VALUES (20180612061035)[0m
  ↳ db/schema.rb:13
  [1m[35m (275.0ms)[0m  [1m[35mCREATE TABLE "ar_internal_metadata" ("key" varchar NOT NULL PRIMARY KEY, "value" varchar, "created_at" datetime NOT NULL, "updated_at" datetime NOT NULL)[0m
  ↳ db/schema.rb:13
  [1m[36mActiveRecord::InternalMetadata Load (0.4ms)[0m  [1m[34mSELECT  "ar_internal_metadata".* FROM "ar_internal_metadata" WHERE "ar_internal_metadata"."key" = ? LIMIT ?[0m  [["key", "environment"], ["LIMIT", 1]]
  ↳ db/schema.rb:13
  [1m[35m (0.2ms)[0m  [1m[36mbegin transaction[0m
  ↳ db/schema.rb:13
  [1m[36mActiveRecord::InternalMetadata Create (0.2ms)[0m  [1m[32mINSERT INTO "ar_internal_metadata" ("key", "value", "created_at", "updated_at") VALUES (?, ?, ?, ?)[0m  [["key", "environment"], ["value", "development"], ["created_at", "2018-06-12 17:40:16.014532"], ["updated_at", "2018-06-12 17:40:16.014532"]]
  ↳ db/schema.rb:13
  [1m[35m (165.1ms)[0m  [1m[36mcommit transaction[0m
  ↳ db/schema.rb:13
  [1m[36mActiveRecord::InternalMetadata Load (0.3ms)[0m  [1m[34mSELECT  "ar_internal_metadata".* FROM "ar_internal_metadata" WHERE "ar_internal_metadata"."key" = ? LIMIT ?[0m  [["key", "environment"], ["LIMIT", 1]]
  ↳ /home/rubio/.rvm/gems/ruby-2.5.1/bin/rake:23
  [1m[35m (0.1ms)[0m  [1m[36mbegin transaction[0m
  ↳ /home/rubio/.rvm/gems/ruby-2.5.1/bin/rake:23
  [1m[36mActiveRecord::InternalMetadata Update (0.2ms)[0m  [1m[33mUPDATE "ar_internal_metadata" SET "value" = ?, "updated_at" = ? WHERE "ar_internal_metadata"."key" = ?[0m  [["value", "test"], ["updated_at", "2018-06-12 17:40:16.185953"], ["key", "environment"]]
  ↳ /home/rubio/.rvm/gems/ruby-2.5.1/bin/rake:23
  [1m[35m (167.5ms)[0m  [1m[36mcommit transaction[0m
  ↳ /home/rubio/.rvm/gems/ruby-2.5.1/bin/rake:23
  [1m[35m (0.3ms)[0m  [1m[34mSELECT "schema_migrations"."version" FROM "schema_migrations" ORDER BY "schema_migrations"."version" ASC[0m
  ↳ /home/rubio/.rvm/gems/ruby-2.5.1/bin/rake:23
  [1m[35m (0.1ms)[0m  [1m[34mSELECT "schema_migrations"."version" FROM "schema_migrations" ORDER BY "schema_migrations"."version" ASC[0m
  ↳ bin/rails:9
Migrating to DeviseCreateUsers (20180612154152)
  [1m[35m (0.0ms)[0m  [1m[36mbegin transaction[0m
  ↳ bin/rails:9
  [1m[35m (0.0ms)[0m  [1m[34mSELECT sqlite_version(*)[0m
  ↳ db/migrate/20180612154152_devise_create_users.rb:5
  [1m[35m (0.2ms)[0m  [1m[35mCREATE TABLE "users" ("id" integer PRIMARY KEY AUTOINCREMENT NOT NULL, "email" varchar DEFAULT '' NOT NULL, "encrypted_password" varchar DEFAULT '' NOT NULL, "reset_password_token" varchar, "reset_password_sent_at" datetime, "remember_created_at" datetime, "sign_in_count" integer DEFAULT 0 NOT NULL, "current_sign_in_at" datetime, "last_sign_in_at" datetime, "current_sign_in_ip" varchar, "last_sign_in_ip" varchar, "created_at" datetime NOT NULL, "updated_at" datetime NOT NULL)[0m
  ↳ db/migrate/20180612154152_devise_create_users.rb:5
  [1m[35m (0.2ms)[0m  [1m[35mCREATE UNIQUE INDEX "index_users_on_email" ON "users" ("email")[0m
  ↳ db/migrate/20180612154152_devise_create_users.rb:39
  [1m[35m (0.1ms)[0m  [1m[35mCREATE UNIQUE INDEX "index_users_on_reset_password_token" ON "users" ("reset_password_token")[0m
  ↳ db/migrate/20180612154152_devise_create_users.rb:40
  [1m[36mActiveRecord::SchemaMigration Create (0.1ms)[0m  [1m[32mINSERT INTO "schema_migrations" ("version") VALUES (?)[0m  [["version", "20180612154152"]]
  ↳ bin/rails:9
  [1m[35m (340.7ms)[0m  [1m[36mcommit transaction[0m
  ↳ bin/rails:9
Migrating to AddDeviseToUsers (20180612173741)
  [1m[35m (0.2ms)[0m  [1m[36mbegin transaction[0m
  ↳ bin/rails:9
  [1m[35m (1.1ms)[0m  [1m[35mALTER TABLE "users" ADD "email" varchar DEFAULT '' NOT NULL[0m
  ↳ db/migrate/20180612173741_add_devise_to_users.rb:7
  [1m[35m (0.1ms)[0m  [1m[31mrollback transaction[0m
  ↳ bin/rails:9
  [1m[35m (0.1ms)[0m  [1m[34mSELECT "schema_migrations"."version" FROM "schema_migrations" ORDER BY "schema_migrations"."version" ASC[0m
  ↳ bin/rails:9
  [1m[35m (0.1ms)[0m  [1m[34mSELECT "ar_internal_metadata"."value" FROM "ar_internal_metadata" WHERE "ar_internal_metadata"."key" = ?[0m  [["key", "environment"]]
  ↳ bin/rails:9
  [1m[35m (0.0ms)[0m  [1m[34mSELECT "schema_migrations"."version" FROM "schema_migrations" ORDER BY "schema_migrations"."version" ASC[0m
  ↳ bin/rails:9
  [1m[35m (0.1ms)[0m  [1m[34mSELECT "ar_internal_metadata"."value" FROM "ar_internal_metadata" WHERE "ar_internal_metadata"."key" = ?[0m  [["key", "environment"]]
  ↳ bin/rails:9
  [1m[35m (0.0ms)[0m  [1m[34mSELECT "schema_migrations"."version" FROM "schema_migrations" ORDER BY "schema_migrations"."version" ASC[0m
  ↳ bin/rails:9
  [1m[35m (0.0ms)[0m  [1m[34mSELECT "ar_internal_metadata"."value" FROM "ar_internal_metadata" WHERE "ar_internal_metadata"."key" = ?[0m  [["key", "environment"]]
  ↳ bin/rails:9
  [1m[35m (0.1ms)[0m  [1m[35mDROP TABLE IF EXISTS "profiles"[0m
  ↳ db/schema.rb:15
  [1m[35m (0.1ms)[0m  [1m[34mSELECT sqlite_version(*)[0m
  ↳ db/schema.rb:15
  [1m[35m (347.5ms)[0m  [1m[35mCREATE TABLE "profiles" ("id" integer PRIMARY KEY AUTOINCREMENT NOT NULL, "profile_name" varchar, "profile_first_name" varchar, "profile_second_name" varchar, "profile_phone" varchar, "created_at" datetime NOT NULL, "updated_at" datetime NOT NULL)[0m
  ↳ db/schema.rb:15
  [1m[35m (263.8ms)[0m  [1m[35mCREATE TABLE "schema_migrations" ("version" varchar NOT NULL PRIMARY KEY)[0m
  ↳ db/schema.rb:13
  [1m[35m (0.4ms)[0m  [1m[34mSELECT "schema_migrations"."version" FROM "schema_migrations" ORDER BY "schema_migrations"."version" ASC[0m
  ↳ db/schema.rb:13
  [1m[35m (180.0ms)[0m  [1m[32mINSERT INTO "schema_migrations" (version) VALUES (20180612061035)[0m
  ↳ db/schema.rb:13
  [1m[35m (273.8ms)[0m  [1m[35mCREATE TABLE "ar_internal_metadata" ("key" varchar NOT NULL PRIMARY KEY, "value" varchar, "created_at" datetime NOT NULL, "updated_at" datetime NOT NULL)[0m
  ↳ db/schema.rb:13
  [1m[36mActiveRecord::InternalMetadata Load (0.5ms)[0m  [1m[34mSELECT  "ar_internal_metadata".* FROM "ar_internal_metadata" WHERE "ar_internal_metadata"."key" = ? LIMIT ?[0m  [["key", "environment"], ["LIMIT", 1]]
  ↳ db/schema.rb:13
  [1m[35m (0.1ms)[0m  [1m[36mbegin transaction[0m
  ↳ db/schema.rb:13
  [1m[36mActiveRecord::InternalMetadata Create (0.2ms)[0m  [1m[32mINSERT INTO "ar_internal_metadata" ("key", "value", "created_at", "updated_at") VALUES (?, ?, ?, ?)[0m  [["key", "environment"], ["value", "development"], ["created_at", "2018-06-12 17:40:47.788058"], ["updated_at", "2018-06-12 17:40:47.788058"]]
  ↳ db/schema.rb:13
  [1m[35m (162.6ms)[0m  [1m[36mcommit transaction[0m
  ↳ db/schema.rb:13
  [1m[36mActiveRecord::InternalMetadata Load (0.3ms)[0m  [1m[34mSELECT  "ar_internal_metadata".* FROM "ar_internal_metadata" WHERE "ar_internal_metadata"."key" = ? LIMIT ?[0m  [["key", "environment"], ["LIMIT", 1]]
  ↳ bin/rails:9
  [1m[35m (0.1ms)[0m  [1m[36mbegin transaction[0m
  ↳ bin/rails:9
  [1m[35m (0.1ms)[0m  [1m[36mcommit transaction[0m
  ↳ bin/rails:9
  [1m[35m (0.2ms)[0m  [1m[35mDROP TABLE IF EXISTS "profiles"[0m
  ↳ db/schema.rb:15
  [1m[35m (0.2ms)[0m  [1m[34mSELECT sqlite_version(*)[0m
  ↳ db/schema.rb:15
  [1m[35m (265.4ms)[0m  [1m[35mCREATE TABLE "profiles" ("id" integer PRIMARY KEY AUTOINCREMENT NOT NULL, "profile_name" varchar, "profile_first_name" varchar, "profile_second_name" varchar, "profile_phone" varchar, "created_at" datetime NOT NULL, "updated_at" datetime NOT NULL)[0m
  ↳ db/schema.rb:15
  [1m[35m (273.8ms)[0m  [1m[35mCREATE TABLE "schema_migrations" ("version" varchar NOT NULL PRIMARY KEY)[0m
  ↳ db/schema.rb:13
  [1m[35m (0.4ms)[0m  [1m[34mSELECT "schema_migrations"."version" FROM "schema_migrations" ORDER BY "schema_migrations"."version" ASC[0m
  ↳ db/schema.rb:13
  [1m[35m (177.8ms)[0m  [1m[32mINSERT INTO "schema_migrations" (version) VALUES (20180612061035)[0m
  ↳ db/schema.rb:13
  [1m[35m (276.3ms)[0m  [1m[35mCREATE TABLE "ar_internal_metadata" ("key" varchar NOT NULL PRIMARY KEY, "value" varchar, "created_at" datetime NOT NULL, "updated_at" datetime NOT NULL)[0m
  ↳ db/schema.rb:13
  [1m[36mActiveRecord::InternalMetadata Load (0.5ms)[0m  [1m[34mSELECT  "ar_internal_metadata".* FROM "ar_internal_metadata" WHERE "ar_internal_metadata"."key" = ? LIMIT ?[0m  [["key", "environment"], ["LIMIT", 1]]
  ↳ db/schema.rb:13
  [1m[35m (0.1ms)[0m  [1m[36mbegin transaction[0m
  ↳ db/schema.rb:13
  [1m[36mActiveRecord::InternalMetadata Create (0.2ms)[0m  [1m[32mINSERT INTO "ar_internal_metadata" ("key", "value", "created_at", "updated_at") VALUES (?, ?, ?, ?)[0m  [["key", "environment"], ["value", "development"], ["created_at", "2018-06-12 17:40:48.967493"], ["updated_at", "2018-06-12 17:40:48.967493"]]
  ↳ db/schema.rb:13
  [1m[35m (174.7ms)[0m  [1m[36mcommit transaction[0m
  ↳ db/schema.rb:13
  [1m[36mActiveRecord::InternalMetadata Load (0.3ms)[0m  [1m[34mSELECT  "ar_internal_metadata".* FROM "ar_internal_metadata" WHERE "ar_internal_metadata"."key" = ? LIMIT ?[0m  [["key", "environment"], ["LIMIT", 1]]
  ↳ bin/rails:9
  [1m[35m (0.2ms)[0m  [1m[36mbegin transaction[0m
  ↳ bin/rails:9
  [1m[36mActiveRecord::InternalMetadata Update (0.2ms)[0m  [1m[33mUPDATE "ar_internal_metadata" SET "value" = ?, "updated_at" = ? WHERE "ar_internal_metadata"."key" = ?[0m  [["value", "test"], ["updated_at", "2018-06-12 17:40:49.148124"], ["key", "environment"]]
  ↳ bin/rails:9
  [1m[35m (179.0ms)[0m  [1m[36mcommit transaction[0m
  ↳ bin/rails:9
  [1m[35m (0.4ms)[0m  [1m[34mSELECT "schema_migrations"."version" FROM "schema_migrations" ORDER BY "schema_migrations"."version" ASC[0m
  ↳ bin/rails:9
  [1m[35m (0.1ms)[0m  [1m[34mSELECT "schema_migrations"."version" FROM "schema_migrations" ORDER BY "schema_migrations"."version" ASC[0m
  ↳ bin/rails:9
  [1m[35m (0.1ms)[0m  [1m[34mSELECT "ar_internal_metadata"."value" FROM "ar_internal_metadata" WHERE "ar_internal_metadata"."key" = ?[0m  [["key", "environment"]]
  ↳ bin/rails:9
  [1m[35m (0.0ms)[0m  [1m[34mSELECT "schema_migrations"."version" FROM "schema_migrations" ORDER BY "schema_migrations"."version" ASC[0m
  ↳ bin/rails:9
  [1m[35m (0.0ms)[0m  [1m[34mSELECT "ar_internal_metadata"."value" FROM "ar_internal_metadata" WHERE "ar_internal_metadata"."key" = ?[0m  [["key", "environment"]]
  ↳ bin/rails:9
  [1m[35m (0.0ms)[0m  [1m[34mSELECT "schema_migrations"."version" FROM "schema_migrations" ORDER BY "schema_migrations"."version" ASC[0m
  ↳ bin/rails:9
  [1m[35m (0.0ms)[0m  [1m[34mSELECT "ar_internal_metadata"."value" FROM "ar_internal_metadata" WHERE "ar_internal_metadata"."key" = ?[0m  [["key", "environment"]]
  ↳ bin/rails:9
  [1m[35m (0.1ms)[0m  [1m[35mDROP TABLE IF EXISTS "profiles"[0m
  ↳ db/schema.rb:15
  [1m[35m (0.0ms)[0m  [1m[34mSELECT sqlite_version(*)[0m
  ↳ db/schema.rb:15
  [1m[35m (341.9ms)[0m  [1m[35mCREATE TABLE "profiles" ("id" integer PRIMARY KEY AUTOINCREMENT NOT NULL, "profile_name" varchar, "profile_first_name" varchar, "profile_second_name" varchar, "profile_phone" varchar, "created_at" datetime NOT NULL, "updated_at" datetime NOT NULL)[0m
  ↳ db/schema.rb:15
  [1m[35m (273.6ms)[0m  [1m[35mCREATE TABLE "schema_migrations" ("version" varchar NOT NULL PRIMARY KEY)[0m
  ↳ db/schema.rb:13
  [1m[35m (0.4ms)[0m  [1m[34mSELECT "schema_migrations"."version" FROM "schema_migrations" ORDER BY "schema_migrations"."version" ASC[0m
  ↳ db/schema.rb:13
  [1m[35m (165.3ms)[0m  [1m[32mINSERT INTO "schema_migrations" (version) VALUES (20180612061035)[0m
  ↳ db/schema.rb:13
  [1m[35m (266.9ms)[0m  [1m[35mCREATE TABLE "ar_internal_metadata" ("key" varchar NOT NULL PRIMARY KEY, "value" varchar, "created_at" datetime NOT NULL, "updated_at" datetime NOT NULL)[0m
  ↳ db/schema.rb:13
  [1m[36mActiveRecord::InternalMetadata Load (0.4ms)[0m  [1m[34mSELECT  "ar_internal_metadata".* FROM "ar_internal_metadata" WHERE "ar_internal_metadata"."key" = ? LIMIT ?[0m  [["key", "environment"], ["LIMIT", 1]]
  ↳ db/schema.rb:13
  [1m[35m (0.0ms)[0m  [1m[36mbegin transaction[0m
  ↳ db/schema.rb:13
  [1m[36mActiveRecord::InternalMetadata Create (0.2ms)[0m  [1m[32mINSERT INTO "ar_internal_metadata" ("key", "value", "created_at", "updated_at") VALUES (?, ?, ?, ?)[0m  [["key", "environment"], ["value", "development"], ["created_at", "2018-06-12 17:41:23.532808"], ["updated_at", "2018-06-12 17:41:23.532808"]]
  ↳ db/schema.rb:13
  [1m[35m (260.3ms)[0m  [1m[36mcommit transaction[0m
  ↳ db/schema.rb:13
  [1m[36mActiveRecord::InternalMetadata Load (0.2ms)[0m  [1m[34mSELECT  "ar_internal_metadata".* FROM "ar_internal_metadata" WHERE "ar_internal_metadata"."key" = ? LIMIT ?[0m  [["key", "environment"], ["LIMIT", 1]]
  ↳ bin/rails:9
  [1m[35m (0.2ms)[0m  [1m[36mbegin transaction[0m
  ↳ bin/rails:9
  [1m[35m (0.1ms)[0m  [1m[36mcommit transaction[0m
  ↳ bin/rails:9
  [1m[35m (0.2ms)[0m  [1m[35mDROP TABLE IF EXISTS "profiles"[0m
  ↳ db/schema.rb:15
  [1m[35m (0.2ms)[0m  [1m[34mSELECT sqlite_version(*)[0m
  ↳ db/schema.rb:15
  [1m[35m (268.1ms)[0m  [1m[35mCREATE TABLE "profiles" ("id" integer PRIMARY KEY AUTOINCREMENT NOT NULL, "profile_name" varchar, "profile_first_name" varchar, "profile_second_name" varchar, "profile_phone" varchar, "created_at" datetime NOT NULL, "updated_at" datetime NOT NULL)[0m
  ↳ db/schema.rb:15
  [1m[35m (251.9ms)[0m  [1m[35mCREATE TABLE "schema_migrations" ("version" varchar NOT NULL PRIMARY KEY)[0m
  ↳ db/schema.rb:13
  [1m[35m (0.4ms)[0m  [1m[34mSELECT "schema_migrations"."version" FROM "schema_migrations" ORDER BY "schema_migrations"."version" ASC[0m
  ↳ db/schema.rb:13
  [1m[35m (175.4ms)[0m  [1m[32mINSERT INTO "schema_migrations" (version) VALUES (20180612061035)[0m
  ↳ db/schema.rb:13
  [1m[35m (256.8ms)[0m  [1m[35mCREATE TABLE "ar_internal_metadata" ("key" varchar NOT NULL PRIMARY KEY, "value" varchar, "created_at" datetime NOT NULL, "updated_at" datetime NOT NULL)[0m
  ↳ db/schema.rb:13
  [1m[36mActiveRecord::InternalMetadata Load (0.4ms)[0m  [1m[34mSELECT  "ar_internal_metadata".* FROM "ar_internal_metadata" WHERE "ar_internal_metadata"."key" = ? LIMIT ?[0m  [["key", "environment"], ["LIMIT", 1]]
  ↳ db/schema.rb:13
  [1m[35m (0.1ms)[0m  [1m[36mbegin transaction[0m
  ↳ db/schema.rb:13
  [1m[36mActiveRecord::InternalMetadata Create (0.3ms)[0m  [1m[32mINSERT INTO "ar_internal_metadata" ("key", "value", "created_at", "updated_at") VALUES (?, ?, ?, ?)[0m  [["key", "environment"], ["value", "development"], ["created_at", "2018-06-12 17:41:24.767676"], ["updated_at", "2018-06-12 17:41:24.767676"]]
  ↳ db/schema.rb:13
  [1m[35m (171.7ms)[0m  [1m[36mcommit transaction[0m
  ↳ db/schema.rb:13
  [1m[36mActiveRecord::InternalMetadata Load (0.2ms)[0m  [1m[34mSELECT  "ar_internal_metadata".* FROM "ar_internal_metadata" WHERE "ar_internal_metadata"."key" = ? LIMIT ?[0m  [["key", "environment"], ["LIMIT", 1]]
  ↳ bin/rails:9
  [1m[35m (0.1ms)[0m  [1m[36mbegin transaction[0m
  ↳ bin/rails:9
  [1m[36mActiveRecord::InternalMetadata Update (0.2ms)[0m  [1m[33mUPDATE "ar_internal_metadata" SET "value" = ?, "updated_at" = ? WHERE "ar_internal_metadata"."key" = ?[0m  [["value", "test"], ["updated_at", "2018-06-12 17:41:24.945630"], ["key", "environment"]]
  ↳ bin/rails:9
  [1m[35m (167.7ms)[0m  [1m[36mcommit transaction[0m
  ↳ bin/rails:9
  [1m[35m (0.3ms)[0m  [1m[34mSELECT "schema_migrations"."version" FROM "schema_migrations" ORDER BY "schema_migrations"."version" ASC[0m
  ↳ bin/rails:9
  [1m[35m (0.1ms)[0m  [1m[34mSELECT "schema_migrations"."version" FROM "schema_migrations" ORDER BY "schema_migrations"."version" ASC[0m
  ↳ bin/rails:9
  [1m[35m (0.1ms)[0m  [1m[34mSELECT "ar_internal_metadata"."value" FROM "ar_internal_metadata" WHERE "ar_internal_metadata"."key" = ?[0m  [["key", "environment"]]
  ↳ bin/rails:9
  [1m[35m (0.0ms)[0m  [1m[34mSELECT "schema_migrations"."version" FROM "schema_migrations" ORDER BY "schema_migrations"."version" ASC[0m
  ↳ bin/rails:9
  [1m[35m (0.0ms)[0m  [1m[34mSELECT "ar_internal_metadata"."value" FROM "ar_internal_metadata" WHERE "ar_internal_metadata"."key" = ?[0m  [["key", "environment"]]
  ↳ bin/rails:9
  [1m[35m (0.0ms)[0m  [1m[34mSELECT "schema_migrations"."version" FROM "schema_migrations" ORDER BY "schema_migrations"."version" ASC[0m
  ↳ bin/rails:9
  [1m[35m (0.0ms)[0m  [1m[34mSELECT "ar_internal_metadata"."value" FROM "ar_internal_metadata" WHERE "ar_internal_metadata"."key" = ?[0m  [["key", "environment"]]
  ↳ bin/rails:9
  [1m[35m (0.1ms)[0m  [1m[35mDROP TABLE IF EXISTS "profiles"[0m
  ↳ db/schema.rb:15
  [1m[35m (0.1ms)[0m  [1m[34mSELECT sqlite_version(*)[0m
  ↳ db/schema.rb:15
  [1m[35m (421.3ms)[0m  [1m[35mCREATE TABLE "profiles" ("id" integer PRIMARY KEY AUTOINCREMENT NOT NULL, "profile_name" varchar, "profile_first_name" varchar, "profile_second_name" varchar, "profile_phone" varchar, "created_at" datetime NOT NULL, "updated_at" datetime NOT NULL)[0m
  ↳ db/schema.rb:15
  [1m[35m (432.3ms)[0m  [1m[35mCREATE TABLE "schema_migrations" ("version" varchar NOT NULL PRIMARY KEY)[0m
  ↳ db/schema.rb:13
  [1m[35m (0.1ms)[0m  [1m[34mSELECT "schema_migrations"."version" FROM "schema_migrations" ORDER BY "schema_migrations"."version" ASC[0m
  ↳ db/schema.rb:13
  [1m[35m (213.1ms)[0m  [1m[32mINSERT INTO "schema_migrations" (version) VALUES (20180612061035)[0m
  ↳ db/schema.rb:13
  [1m[35m (299.5ms)[0m  [1m[35mCREATE TABLE "ar_internal_metadata" ("key" varchar NOT NULL PRIMARY KEY, "value" varchar, "created_at" datetime NOT NULL, "updated_at" datetime NOT NULL)[0m
  ↳ db/schema.rb:13
  [1m[36mActiveRecord::InternalMetadata Load (0.4ms)[0m  [1m[34mSELECT  "ar_internal_metadata".* FROM "ar_internal_metadata" WHERE "ar_internal_metadata"."key" = ? LIMIT ?[0m  [["key", "environment"], ["LIMIT", 1]]
  ↳ db/schema.rb:13
  [1m[35m (0.2ms)[0m  [1m[36mbegin transaction[0m
  ↳ db/schema.rb:13
  [1m[36mActiveRecord::InternalMetadata Create (0.7ms)[0m  [1m[32mINSERT INTO "ar_internal_metadata" ("key", "value", "created_at", "updated_at") VALUES (?, ?, ?, ?)[0m  [["key", "environment"], ["value", "development"], ["created_at", "2018-06-12 17:41:57.642113"], ["updated_at", "2018-06-12 17:41:57.642113"]]
  ↳ db/schema.rb:13
  [1m[35m (211.3ms)[0m  [1m[36mcommit transaction[0m
  ↳ db/schema.rb:13
  [1m[36mActiveRecord::InternalMetadata Load (0.2ms)[0m  [1m[34mSELECT  "ar_internal_metadata".* FROM "ar_internal_metadata" WHERE "ar_internal_metadata"."key" = ? LIMIT ?[0m  [["key", "environment"], ["LIMIT", 1]]
  ↳ bin/rails:9
  [1m[35m (0.1ms)[0m  [1m[36mbegin transaction[0m
  ↳ bin/rails:9
  [1m[35m (0.2ms)[0m  [1m[36mcommit transaction[0m
  ↳ bin/rails:9
  [1m[35m (0.2ms)[0m  [1m[35mDROP TABLE IF EXISTS "profiles"[0m
  ↳ db/schema.rb:15
  [1m[35m (0.2ms)[0m  [1m[34mSELECT sqlite_version(*)[0m
  ↳ db/schema.rb:15
  [1m[35m (312.6ms)[0m  [1m[35mCREATE TABLE "profiles" ("id" integer PRIMARY KEY AUTOINCREMENT NOT NULL, "profile_name" varchar, "profile_first_name" varchar, "profile_second_name" varchar, "profile_phone" varchar, "created_at" datetime NOT NULL, "updated_at" datetime NOT NULL)[0m
  ↳ db/schema.rb:15
  [1m[35m (312.0ms)[0m  [1m[35mCREATE TABLE "schema_migrations" ("version" varchar NOT NULL PRIMARY KEY)[0m
  ↳ db/schema.rb:13
  [1m[35m (0.4ms)[0m  [1m[34mSELECT "schema_migrations"."version" FROM "schema_migrations" ORDER BY "schema_migrations"."version" ASC[0m
  ↳ db/schema.rb:13
  [1m[35m (235.9ms)[0m  [1m[32mINSERT INTO "schema_migrations" (version) VALUES (20180612061035)[0m
  ↳ db/schema.rb:13
  [1m[35m (316.1ms)[0m  [1m[35mCREATE TABLE "ar_internal_metadata" ("key" varchar NOT NULL PRIMARY KEY, "value" varchar, "created_at" datetime NOT NULL, "updated_at" datetime NOT NULL)[0m
  ↳ db/schema.rb:13
  [1m[36mActiveRecord::InternalMetadata Load (0.6ms)[0m  [1m[34mSELECT  "ar_internal_metadata".* FROM "ar_internal_metadata" WHERE "ar_internal_metadata"."key" = ? LIMIT ?[0m  [["key", "environment"], ["LIMIT", 1]]
  ↳ db/schema.rb:13
  [1m[35m (0.1ms)[0m  [1m[36mbegin transaction[0m
  ↳ db/schema.rb:13
  [1m[36mActiveRecord::InternalMetadata Create (0.2ms)[0m  [1m[32mINSERT INTO "ar_internal_metadata" ("key", "value", "created_at", "updated_at") VALUES (?, ?, ?, ?)[0m  [["key", "environment"], ["value", "development"], ["created_at", "2018-06-12 17:41:59.056793"], ["updated_at", "2018-06-12 17:41:59.056793"]]
  ↳ db/schema.rb:13
  [1m[35m (213.5ms)[0m  [1m[36mcommit transaction[0m
  ↳ db/schema.rb:13
  [1m[36mActiveRecord::InternalMetadata Load (0.3ms)[0m  [1m[34mSELECT  "ar_internal_metadata".* FROM "ar_internal_metadata" WHERE "ar_internal_metadata"."key" = ? LIMIT ?[0m  [["key", "environment"], ["LIMIT", 1]]
  ↳ bin/rails:9
  [1m[35m (0.1ms)[0m  [1m[36mbegin transaction[0m
  ↳ bin/rails:9
  [1m[36mActiveRecord::InternalMetadata Update (0.6ms)[0m  [1m[33mUPDATE "ar_internal_metadata" SET "value" = ?, "updated_at" = ? WHERE "ar_internal_metadata"."key" = ?[0m  [["value", "test"], ["updated_at", "2018-06-12 17:41:59.276433"], ["key", "environment"]]
  ↳ bin/rails:9
  [1m[35m (231.8ms)[0m  [1m[36mcommit transaction[0m
  ↳ bin/rails:9
  [1m[35m (0.1ms)[0m  [1m[34mSELECT "schema_migrations"."version" FROM "schema_migrations" ORDER BY "schema_migrations"."version" ASC[0m
  ↳ bin/rails:9
  [1m[35m (0.1ms)[0m  [1m[34mSELECT "schema_migrations"."version" FROM "schema_migrations" ORDER BY "schema_migrations"."version" ASC[0m
  ↳ bin/rails:9
Migrating to DeviseCreateUsers (20180612154152)
  [1m[35m (0.0ms)[0m  [1m[36mbegin transaction[0m
  ↳ bin/rails:9
  [1m[35m (0.1ms)[0m  [1m[34mSELECT sqlite_version(*)[0m
  ↳ db/migrate/20180612154152_devise_create_users.rb:5
  [1m[35m (0.2ms)[0m  [1m[35mCREATE TABLE "users" ("id" integer PRIMARY KEY AUTOINCREMENT NOT NULL, "email" varchar DEFAULT '' NOT NULL, "encrypted_password" varchar DEFAULT '' NOT NULL, "reset_password_token" varchar, "reset_password_sent_at" datetime, "remember_created_at" datetime, "sign_in_count" integer DEFAULT 0 NOT NULL, "current_sign_in_at" datetime, "last_sign_in_at" datetime, "current_sign_in_ip" varchar, "last_sign_in_ip" varchar, "created_at" datetime NOT NULL, "updated_at" datetime NOT NULL)[0m
  ↳ db/migrate/20180612154152_devise_create_users.rb:5
  [1m[35m (0.2ms)[0m  [1m[35mCREATE UNIQUE INDEX "index_users_on_email" ON "users" ("email")[0m
  ↳ db/migrate/20180612154152_devise_create_users.rb:39
  [1m[35m (0.1ms)[0m  [1m[35mCREATE UNIQUE INDEX "index_users_on_reset_password_token" ON "users" ("reset_password_token")[0m
  ↳ db/migrate/20180612154152_devise_create_users.rb:40
  [1m[36mActiveRecord::SchemaMigration Create (0.1ms)[0m  [1m[32mINSERT INTO "schema_migrations" ("version") VALUES (?)[0m  [["version", "20180612154152"]]
  ↳ bin/rails:9
  [1m[35m (405.3ms)[0m  [1m[36mcommit transaction[0m
  ↳ bin/rails:9
  [1m[36mActiveRecord::InternalMetadata Load (0.5ms)[0m  [1m[34mSELECT  "ar_internal_metadata".* FROM "ar_internal_metadata" WHERE "ar_internal_metadata"."key" = ? LIMIT ?[0m  [["key", "environment"], ["LIMIT", 1]]
  ↳ bin/rails:9
  [1m[35m (0.2ms)[0m  [1m[36mbegin transaction[0m
  ↳ bin/rails:9
  [1m[35m (0.1ms)[0m  [1m[36mcommit transaction[0m
  ↳ bin/rails:9
  [1m[35m (0.4ms)[0m  [1m[34mSELECT "schema_migrations"."version" FROM "schema_migrations" ORDER BY "schema_migrations"."version" ASC[0m
  ↳ bin/rails:9
  [1m[35m (0.1ms)[0m  [1m[34mSELECT "schema_migrations"."version" FROM "schema_migrations" ORDER BY "schema_migrations"."version" ASC[0m
  ↳ bin/rails:9
  [1m[35m (0.1ms)[0m  [1m[34mSELECT "ar_internal_metadata"."value" FROM "ar_internal_metadata" WHERE "ar_internal_metadata"."key" = ?[0m  [["key", "environment"]]
  ↳ bin/rails:9
  [1m[35m (0.0ms)[0m  [1m[34mSELECT "schema_migrations"."version" FROM "schema_migrations" ORDER BY "schema_migrations"."version" ASC[0m
  ↳ bin/rails:9
  [1m[35m (0.0ms)[0m  [1m[34mSELECT "ar_internal_metadata"."value" FROM "ar_internal_metadata" WHERE "ar_internal_metadata"."key" = ?[0m  [["key", "environment"]]
  ↳ bin/rails:9
  [1m[35m (0.0ms)[0m  [1m[34mSELECT "schema_migrations"."version" FROM "schema_migrations" ORDER BY "schema_migrations"."version" ASC[0m
  ↳ bin/rails:9
  [1m[35m (0.0ms)[0m  [1m[34mSELECT "ar_internal_metadata"."value" FROM "ar_internal_metadata" WHERE "ar_internal_metadata"."key" = ?[0m  [["key", "environment"]]
  ↳ bin/rails:9
  [1m[35m (0.1ms)[0m  [1m[35mDROP TABLE IF EXISTS "users"[0m
  ↳ db/schema.rb:15
  [1m[35m (0.1ms)[0m  [1m[34mSELECT sqlite_version(*)[0m
  ↳ db/schema.rb:15
  [1m[35m (382.5ms)[0m  [1m[35mCREATE TABLE "users" ("id" integer PRIMARY KEY AUTOINCREMENT NOT NULL, "email" varchar DEFAULT '' NOT NULL, "encrypted_password" varchar DEFAULT '' NOT NULL, "reset_password_token" varchar, "reset_password_sent_at" datetime, "remember_created_at" datetime, "sign_in_count" integer DEFAULT 0 NOT NULL, "current_sign_in_at" datetime, "last_sign_in_at" datetime, "current_sign_in_ip" varchar, "last_sign_in_ip" varchar, "created_at" datetime NOT NULL, "updated_at" datetime NOT NULL)[0m
  ↳ db/schema.rb:15
  [1m[35m (312.1ms)[0m  [1m[35mCREATE UNIQUE INDEX "index_users_on_email" ON "users" ("email")[0m
  ↳ db/schema.rb:15
  [1m[35m (332.7ms)[0m  [1m[35mCREATE UNIQUE INDEX "index_users_on_reset_password_token" ON "users" ("reset_password_token")[0m
  ↳ db/schema.rb:15
  [1m[35m (301.7ms)[0m  [1m[35mCREATE TABLE "schema_migrations" ("version" varchar NOT NULL PRIMARY KEY)[0m
  ↳ db/schema.rb:13
  [1m[35m (0.4ms)[0m  [1m[34mSELECT "schema_migrations"."version" FROM "schema_migrations" ORDER BY "schema_migrations"."version" ASC[0m
  ↳ db/schema.rb:13
  [1m[35m (219.0ms)[0m  [1m[32mINSERT INTO "schema_migrations" (version) VALUES (20180612154152)[0m
  ↳ db/schema.rb:13
  [1m[35m (311.6ms)[0m  [1m[35mCREATE TABLE "ar_internal_metadata" ("key" varchar NOT NULL PRIMARY KEY, "value" varchar, "created_at" datetime NOT NULL, "updated_at" datetime NOT NULL)[0m
  ↳ db/schema.rb:13
  [1m[36mActiveRecord::InternalMetadata Load (0.5ms)[0m  [1m[34mSELECT  "ar_internal_metadata".* FROM "ar_internal_metadata" WHERE "ar_internal_metadata"."key" = ? LIMIT ?[0m  [["key", "environment"], ["LIMIT", 1]]
  ↳ db/schema.rb:13
  [1m[35m (0.1ms)[0m  [1m[36mbegin transaction[0m
  ↳ db/schema.rb:13
  [1m[36mActiveRecord::InternalMetadata Create (0.3ms)[0m  [1m[32mINSERT INTO "ar_internal_metadata" ("key", "value", "created_at", "updated_at") VALUES (?, ?, ?, ?)[0m  [["key", "environment"], ["value", "development"], ["created_at", "2018-06-12 17:43:09.513739"], ["updated_at", "2018-06-12 17:43:09.513739"]]
  ↳ db/schema.rb:13
  [1m[35m (213.1ms)[0m  [1m[36mcommit transaction[0m
  ↳ db/schema.rb:13
  [1m[36mActiveRecord::InternalMetadata Load (0.3ms)[0m  [1m[34mSELECT  "ar_internal_metadata".* FROM "ar_internal_metadata" WHERE "ar_internal_metadata"."key" = ? LIMIT ?[0m  [["key", "environment"], ["LIMIT", 1]]
  ↳ bin/rails:9
  [1m[35m (0.2ms)[0m  [1m[36mbegin transaction[0m
  ↳ bin/rails:9
  [1m[35m (0.2ms)[0m  [1m[36mcommit transaction[0m
  ↳ bin/rails:9
  [1m[35m (0.3ms)[0m  [1m[35mDROP TABLE IF EXISTS "users"[0m
  ↳ db/schema.rb:15
  [1m[35m (0.3ms)[0m  [1m[34mSELECT sqlite_version(*)[0m
  ↳ db/schema.rb:15
  [1m[35m (329.1ms)[0m  [1m[35mCREATE TABLE "users" ("id" integer PRIMARY KEY AUTOINCREMENT NOT NULL, "email" varchar DEFAULT '' NOT NULL, "encrypted_password" varchar DEFAULT '' NOT NULL, "reset_password_token" varchar, "reset_password_sent_at" datetime, "remember_created_at" datetime, "sign_in_count" integer DEFAULT 0 NOT NULL, "current_sign_in_at" datetime, "last_sign_in_at" datetime, "current_sign_in_ip" varchar, "last_sign_in_ip" varchar, "created_at" datetime NOT NULL, "updated_at" datetime NOT NULL)[0m
  ↳ db/schema.rb:15
  [1m[35m (323.0ms)[0m  [1m[35mCREATE UNIQUE INDEX "index_users_on_email" ON "users" ("email")[0m
  ↳ db/schema.rb:15
  [1m[35m (311.4ms)[0m  [1m[35mCREATE UNIQUE INDEX "index_users_on_reset_password_token" ON "users" ("reset_password_token")[0m
  ↳ db/schema.rb:15
  [1m[35m (312.1ms)[0m  [1m[35mCREATE TABLE "schema_migrations" ("version" varchar NOT NULL PRIMARY KEY)[0m
  ↳ db/schema.rb:13
  [1m[35m (0.5ms)[0m  [1m[34mSELECT "schema_migrations"."version" FROM "schema_migrations" ORDER BY "schema_migrations"."version" ASC[0m
  ↳ db/schema.rb:13
  [1m[35m (232.4ms)[0m  [1m[32mINSERT INTO "schema_migrations" (version) VALUES (20180612154152)[0m
  ↳ db/schema.rb:13
  [1m[35m (317.8ms)[0m  [1m[35mCREATE TABLE "ar_internal_metadata" ("key" varchar NOT NULL PRIMARY KEY, "value" varchar, "created_at" datetime NOT NULL, "updated_at" datetime NOT NULL)[0m
  ↳ db/schema.rb:13
  [1m[36mActiveRecord::InternalMetadata Load (0.7ms)[0m  [1m[34mSELECT  "ar_internal_metadata".* FROM "ar_internal_metadata" WHERE "ar_internal_metadata"."key" = ? LIMIT ?[0m  [["key", "environment"], ["LIMIT", 1]]
  ↳ db/schema.rb:13
  [1m[35m (0.2ms)[0m  [1m[36mbegin transaction[0m
  ↳ db/schema.rb:13
  [1m[36mActiveRecord::InternalMetadata Create (1.9ms)[0m  [1m[32mINSERT INTO "ar_internal_metadata" ("key", "value", "created_at", "updated_at") VALUES (?, ?, ?, ?)[0m  [["key", "environment"], ["value", "development"], ["created_at", "2018-06-12 17:43:11.592431"], ["updated_at", "2018-06-12 17:43:11.592431"]]
  ↳ db/schema.rb:13
  [1m[35m (315.9ms)[0m  [1m[36mcommit transaction[0m
  ↳ db/schema.rb:13
  [1m[36mActiveRecord::InternalMetadata Load (0.2ms)[0m  [1m[34mSELECT  "ar_internal_metadata".* FROM "ar_internal_metadata" WHERE "ar_internal_metadata"."key" = ? LIMIT ?[0m  [["key", "environment"], ["LIMIT", 1]]
  ↳ bin/rails:9
  [1m[35m (0.2ms)[0m  [1m[36mbegin transaction[0m
  ↳ bin/rails:9
  [1m[36mActiveRecord::InternalMetadata Update (0.2ms)[0m  [1m[33mUPDATE "ar_internal_metadata" SET "value" = ?, "updated_at" = ? WHERE "ar_internal_metadata"."key" = ?[0m  [["value", "test"], ["updated_at", "2018-06-12 17:43:11.917180"], ["key", "environment"]]
  ↳ bin/rails:9
  [1m[35m (222.8ms)[0m  [1m[36mcommit transaction[0m
  ↳ bin/rails:9
  [1m[35m (0.5ms)[0m  [1m[34mSELECT "schema_migrations"."version" FROM "schema_migrations" ORDER BY "schema_migrations"."version" ASC[0m
  ↳ bin/rails:9
  [1m[35m (0.1ms)[0m  [1m[34mSELECT "schema_migrations"."version" FROM "schema_migrations" ORDER BY "schema_migrations"."version" ASC[0m
  ↳ bin/rails:9
  [1m[36mActiveRecord::InternalMetadata Load (0.1ms)[0m  [1m[34mSELECT  "ar_internal_metadata".* FROM "ar_internal_metadata" WHERE "ar_internal_metadata"."key" = ? LIMIT ?[0m  [["key", "environment"], ["LIMIT", 1]]
  ↳ bin/rails:9
  [1m[35m (0.0ms)[0m  [1m[36mbegin transaction[0m
  ↳ bin/rails:9
  [1m[35m (0.0ms)[0m  [1m[36mcommit transaction[0m
  ↳ bin/rails:9
  [1m[35m (0.0ms)[0m  [1m[34mSELECT "schema_migrations"."version" FROM "schema_migrations" ORDER BY "schema_migrations"."version" ASC[0m
  ↳ bin/rails:9
  [1m[35m (0.1ms)[0m  [1m[34mSELECT "schema_migrations"."version" FROM "schema_migrations" ORDER BY "schema_migrations"."version" ASC[0m
  ↳ bin/rails:9
  [1m[36mActiveRecord::InternalMetadata Load (0.1ms)[0m  [1m[34mSELECT  "ar_internal_metadata".* FROM "ar_internal_metadata" WHERE "ar_internal_metadata"."key" = ? LIMIT ?[0m  [["key", "environment"], ["LIMIT", 1]]
  ↳ bin/rails:9
  [1m[35m (0.0ms)[0m  [1m[36mbegin transaction[0m
  ↳ bin/rails:9
  [1m[35m (0.0ms)[0m  [1m[36mcommit transaction[0m
  ↳ bin/rails:9
  [1m[35m (0.0ms)[0m  [1m[34mSELECT "schema_migrations"."version" FROM "schema_migrations" ORDER BY "schema_migrations"."version" ASC[0m
  ↳ bin/rails:9
